<?xml version="1.0" encoding="UTF-8"?>
<testsuite xmlns:xsi="http://www.w3.org/2001/XMLSchema-instance" xsi:noNamespaceSchemaLocation="https://maven.apache.org/surefire/maven-surefire-plugin/xsd/surefire-test-report.xsd" name="com.itsol.recruit.RecruitApplicationTests" time="9.437" tests="1" errors="0" skipped="0" failures="0">
  <properties>
    <property name="gopherProxySet" value="false"/>
    <property name="awt.toolkit" value="sun.lwawt.macosx.LWCToolkit"/>
    <property name="file.encoding.pkg" value="sun.io"/>
    <property name="java.specification.version" value="1.8"/>
    <property name="sun.cpu.isalist" value=""/>
    <property name="sun.jnu.encoding" value="UTF-8"/>
    <property name="java.class.path" value="/Users/xuan-pt/Documents/File TTS JAVA 32/BE_Itsol1/target/test-classes:/Users/xuan-pt/Documents/File TTS JAVA 32/BE_Itsol1/target/classes:/Users/xuan-pt/.m2/repository/org/springframework/boot/spring-boot-starter-data-jpa/2.6.4/spring-boot-starter-data-jpa-2.6.4.jar:/Users/xuan-pt/.m2/repository/org/springframework/boot/spring-boot-starter-aop/2.6.4/spring-boot-starter-aop-2.6.4.jar:/Users/xuan-pt/.m2/repository/org/aspectj/aspectjweaver/1.9.7/aspectjweaver-1.9.7.jar:/Users/xuan-pt/.m2/repository/org/springframework/boot/spring-boot-starter-jdbc/2.6.4/spring-boot-starter-jdbc-2.6.4.jar:/Users/xuan-pt/.m2/repository/com/zaxxer/HikariCP/4.0.3/HikariCP-4.0.3.jar:/Users/xuan-pt/.m2/repository/org/springframework/spring-jdbc/5.3.16/spring-jdbc-5.3.16.jar:/Users/xuan-pt/.m2/repository/jakarta/transaction/jakarta.transaction-api/1.3.3/jakarta.transaction-api-1.3.3.jar:/Users/xuan-pt/.m2/repository/jakarta/persistence/jakarta.persistence-api/2.2.3/jakarta.persistence-api-2.2.3.jar:/Users/xuan-pt/.m2/repository/org/hibernate/hibernate-core/5.6.5.Final/hibernate-core-5.6.5.Final.jar:/Users/xuan-pt/.m2/repository/net/bytebuddy/byte-buddy/1.11.22/byte-buddy-1.11.22.jar:/Users/xuan-pt/.m2/repository/antlr/antlr/2.7.7/antlr-2.7.7.jar:/Users/xuan-pt/.m2/repository/org/jboss/jandex/2.4.2.Final/jandex-2.4.2.Final.jar:/Users/xuan-pt/.m2/repository/org/hibernate/common/hibernate-commons-annotations/5.1.2.Final/hibernate-commons-annotations-5.1.2.Final.jar:/Users/xuan-pt/.m2/repository/org/glassfish/jaxb/jaxb-runtime/2.3.6/jaxb-runtime-2.3.6.jar:/Users/xuan-pt/.m2/repository/org/glassfish/jaxb/txw2/2.3.6/txw2-2.3.6.jar:/Users/xuan-pt/.m2/repository/com/sun/istack/istack-commons-runtime/3.0.12/istack-commons-runtime-3.0.12.jar:/Users/xuan-pt/.m2/repository/com/sun/activation/jakarta.activation/1.2.2/jakarta.activation-1.2.2.jar:/Users/xuan-pt/.m2/repository/org/springframework/data/spring-data-jpa/2.6.2/spring-data-jpa-2.6.2.jar:/Users/xuan-pt/.m2/repository/org/springframework/data/spring-data-commons/2.6.2/spring-data-commons-2.6.2.jar:/Users/xuan-pt/.m2/repository/org/springframework/spring-orm/5.3.16/spring-orm-5.3.16.jar:/Users/xuan-pt/.m2/repository/org/springframework/spring-context/5.3.16/spring-context-5.3.16.jar:/Users/xuan-pt/.m2/repository/org/springframework/spring-tx/5.3.16/spring-tx-5.3.16.jar:/Users/xuan-pt/.m2/repository/org/springframework/spring-beans/5.3.16/spring-beans-5.3.16.jar:/Users/xuan-pt/.m2/repository/org/springframework/spring-aspects/5.3.16/spring-aspects-5.3.16.jar:/Users/xuan-pt/.m2/repository/org/springframework/boot/spring-boot-starter-security/2.6.4/spring-boot-starter-security-2.6.4.jar:/Users/xuan-pt/.m2/repository/org/springframework/boot/spring-boot-starter/2.6.4/spring-boot-starter-2.6.4.jar:/Users/xuan-pt/.m2/repository/org/springframework/boot/spring-boot/2.6.4/spring-boot-2.6.4.jar:/Users/xuan-pt/.m2/repository/org/springframework/boot/spring-boot-autoconfigure/2.6.4/spring-boot-autoconfigure-2.6.4.jar:/Users/xuan-pt/.m2/repository/org/springframework/boot/spring-boot-starter-logging/2.6.4/spring-boot-starter-logging-2.6.4.jar:/Users/xuan-pt/.m2/repository/ch/qos/logback/logback-classic/1.2.10/logback-classic-1.2.10.jar:/Users/xuan-pt/.m2/repository/ch/qos/logback/logback-core/1.2.10/logback-core-1.2.10.jar:/Users/xuan-pt/.m2/repository/org/apache/logging/log4j/log4j-to-slf4j/2.17.1/log4j-to-slf4j-2.17.1.jar:/Users/xuan-pt/.m2/repository/org/apache/logging/log4j/log4j-api/2.17.1/log4j-api-2.17.1.jar:/Users/xuan-pt/.m2/repository/org/slf4j/jul-to-slf4j/1.7.36/jul-to-slf4j-1.7.36.jar:/Users/xuan-pt/.m2/repository/jakarta/annotation/jakarta.annotation-api/1.3.5/jakarta.annotation-api-1.3.5.jar:/Users/xuan-pt/.m2/repository/org/yaml/snakeyaml/1.29/snakeyaml-1.29.jar:/Users/xuan-pt/.m2/repository/org/springframework/spring-aop/5.3.16/spring-aop-5.3.16.jar:/Users/xuan-pt/.m2/repository/org/springframework/security/spring-security-config/5.6.2/spring-security-config-5.6.2.jar:/Users/xuan-pt/.m2/repository/org/springframework/security/spring-security-web/5.6.2/spring-security-web-5.6.2.jar:/Users/xuan-pt/.m2/repository/org/springframework/spring-expression/5.3.16/spring-expression-5.3.16.jar:/Users/xuan-pt/.m2/repository/org/springframework/boot/spring-boot-starter-web/2.6.4/spring-boot-starter-web-2.6.4.jar:/Users/xuan-pt/.m2/repository/org/springframework/boot/spring-boot-starter-json/2.6.4/spring-boot-starter-json-2.6.4.jar:/Users/xuan-pt/.m2/repository/com/fasterxml/jackson/datatype/jackson-datatype-jdk8/2.13.1/jackson-datatype-jdk8-2.13.1.jar:/Users/xuan-pt/.m2/repository/com/fasterxml/jackson/datatype/jackson-datatype-jsr310/2.13.1/jackson-datatype-jsr310-2.13.1.jar:/Users/xuan-pt/.m2/repository/com/fasterxml/jackson/module/jackson-module-parameter-names/2.13.1/jackson-module-parameter-names-2.13.1.jar:/Users/xuan-pt/.m2/repository/org/springframework/boot/spring-boot-starter-tomcat/2.6.4/spring-boot-starter-tomcat-2.6.4.jar:/Users/xuan-pt/.m2/repository/org/apache/tomcat/embed/tomcat-embed-core/9.0.58/tomcat-embed-core-9.0.58.jar:/Users/xuan-pt/.m2/repository/org/apache/tomcat/embed/tomcat-embed-websocket/9.0.58/tomcat-embed-websocket-9.0.58.jar:/Users/xuan-pt/.m2/repository/org/springframework/spring-web/5.3.16/spring-web-5.3.16.jar:/Users/xuan-pt/.m2/repository/org/springframework/spring-webmvc/5.3.16/spring-webmvc-5.3.16.jar:/Users/xuan-pt/.m2/repository/com/oracle/database/jdbc/ojdbc8/21.3.0.0/ojdbc8-21.3.0.0.jar:/Users/xuan-pt/.m2/repository/org/projectlombok/lombok/1.18.22/lombok-1.18.22.jar:/Users/xuan-pt/.m2/repository/org/springframework/boot/spring-boot-starter-test/2.6.4/spring-boot-starter-test-2.6.4.jar:/Users/xuan-pt/.m2/repository/org/springframework/boot/spring-boot-test/2.6.4/spring-boot-test-2.6.4.jar:/Users/xuan-pt/.m2/repository/org/springframework/boot/spring-boot-test-autoconfigure/2.6.4/spring-boot-test-autoconfigure-2.6.4.jar:/Users/xuan-pt/.m2/repository/com/jayway/jsonpath/json-path/2.6.0/json-path-2.6.0.jar:/Users/xuan-pt/.m2/repository/net/minidev/json-smart/2.4.8/json-smart-2.4.8.jar:/Users/xuan-pt/.m2/repository/net/minidev/accessors-smart/2.4.8/accessors-smart-2.4.8.jar:/Users/xuan-pt/.m2/repository/org/ow2/asm/asm/9.1/asm-9.1.jar:/Users/xuan-pt/.m2/repository/jakarta/xml/bind/jakarta.xml.bind-api/2.3.3/jakarta.xml.bind-api-2.3.3.jar:/Users/xuan-pt/.m2/repository/jakarta/activation/jakarta.activation-api/1.2.2/jakarta.activation-api-1.2.2.jar:/Users/xuan-pt/.m2/repository/org/assertj/assertj-core/3.21.0/assertj-core-3.21.0.jar:/Users/xuan-pt/.m2/repository/org/hamcrest/hamcrest/2.2/hamcrest-2.2.jar:/Users/xuan-pt/.m2/repository/org/junit/jupiter/junit-jupiter/5.8.2/junit-jupiter-5.8.2.jar:/Users/xuan-pt/.m2/repository/org/junit/jupiter/junit-jupiter-api/5.8.2/junit-jupiter-api-5.8.2.jar:/Users/xuan-pt/.m2/repository/org/opentest4j/opentest4j/1.2.0/opentest4j-1.2.0.jar:/Users/xuan-pt/.m2/repository/org/junit/platform/junit-platform-commons/1.8.2/junit-platform-commons-1.8.2.jar:/Users/xuan-pt/.m2/repository/org/apiguardian/apiguardian-api/1.1.2/apiguardian-api-1.1.2.jar:/Users/xuan-pt/.m2/repository/org/junit/jupiter/junit-jupiter-params/5.8.2/junit-jupiter-params-5.8.2.jar:/Users/xuan-pt/.m2/repository/org/junit/jupiter/junit-jupiter-engine/5.8.2/junit-jupiter-engine-5.8.2.jar:/Users/xuan-pt/.m2/repository/org/junit/platform/junit-platform-engine/1.8.2/junit-platform-engine-1.8.2.jar:/Users/xuan-pt/.m2/repository/org/mockito/mockito-core/4.0.0/mockito-core-4.0.0.jar:/Users/xuan-pt/.m2/repository/net/bytebuddy/byte-buddy-agent/1.11.22/byte-buddy-agent-1.11.22.jar:/Users/xuan-pt/.m2/repository/org/objenesis/objenesis/3.2/objenesis-3.2.jar:/Users/xuan-pt/.m2/repository/org/mockito/mockito-junit-jupiter/4.0.0/mockito-junit-jupiter-4.0.0.jar:/Users/xuan-pt/.m2/repository/org/skyscreamer/jsonassert/1.5.0/jsonassert-1.5.0.jar:/Users/xuan-pt/.m2/repository/com/vaadin/external/google/android-json/0.0.20131108.vaadin1/android-json-0.0.20131108.vaadin1.jar:/Users/xuan-pt/.m2/repository/org/springframework/spring-core/5.3.16/spring-core-5.3.16.jar:/Users/xuan-pt/.m2/repository/org/springframework/spring-jcl/5.3.16/spring-jcl-5.3.16.jar:/Users/xuan-pt/.m2/repository/org/springframework/spring-test/5.3.16/spring-test-5.3.16.jar:/Users/xuan-pt/.m2/repository/org/xmlunit/xmlunit-core/2.8.4/xmlunit-core-2.8.4.jar:/Users/xuan-pt/.m2/repository/org/springframework/security/spring-security-test/5.6.2/spring-security-test-5.6.2.jar:/Users/xuan-pt/.m2/repository/org/springframework/security/spring-security-core/5.6.2/spring-security-core-5.6.2.jar:/Users/xuan-pt/.m2/repository/org/springframework/security/spring-security-crypto/5.6.2/spring-security-crypto-5.6.2.jar:/Users/xuan-pt/.m2/repository/io/jsonwebtoken/jjwt-api/0.10.7/jjwt-api-0.10.7.jar:/Users/xuan-pt/.m2/repository/io/jsonwebtoken/jjwt-impl/0.10.7/jjwt-impl-0.10.7.jar:/Users/xuan-pt/.m2/repository/io/jsonwebtoken/jjwt-jackson/0.10.7/jjwt-jackson-0.10.7.jar:/Users/xuan-pt/.m2/repository/com/fasterxml/jackson/core/jackson-databind/2.13.1/jackson-databind-2.13.1.jar:/Users/xuan-pt/.m2/repository/com/fasterxml/jackson/core/jackson-core/2.13.1/jackson-core-2.13.1.jar:/Users/xuan-pt/.m2/repository/io/springfox/springfox-swagger2/2.9.2/springfox-swagger2-2.9.2.jar:/Users/xuan-pt/.m2/repository/io/springfox/springfox-spi/2.9.2/springfox-spi-2.9.2.jar:/Users/xuan-pt/.m2/repository/io/springfox/springfox-core/2.9.2/springfox-core-2.9.2.jar:/Users/xuan-pt/.m2/repository/io/springfox/springfox-schema/2.9.2/springfox-schema-2.9.2.jar:/Users/xuan-pt/.m2/repository/io/springfox/springfox-swagger-common/2.9.2/springfox-swagger-common-2.9.2.jar:/Users/xuan-pt/.m2/repository/io/springfox/springfox-spring-web/2.9.2/springfox-spring-web-2.9.2.jar:/Users/xuan-pt/.m2/repository/com/google/guava/guava/20.0/guava-20.0.jar:/Users/xuan-pt/.m2/repository/com/fasterxml/classmate/1.5.1/classmate-1.5.1.jar:/Users/xuan-pt/.m2/repository/org/slf4j/slf4j-api/1.7.36/slf4j-api-1.7.36.jar:/Users/xuan-pt/.m2/repository/org/springframework/plugin/spring-plugin-core/1.2.0.RELEASE/spring-plugin-core-1.2.0.RELEASE.jar:/Users/xuan-pt/.m2/repository/org/springframework/plugin/spring-plugin-metadata/1.2.0.RELEASE/spring-plugin-metadata-1.2.0.RELEASE.jar:/Users/xuan-pt/.m2/repository/org/mapstruct/mapstruct/1.2.0.Final/mapstruct-1.2.0.Final.jar:/Users/xuan-pt/.m2/repository/io/springfox/springfox-swagger-ui/2.9.2/springfox-swagger-ui-2.9.2.jar:/Users/xuan-pt/.m2/repository/io/swagger/swagger-annotations/1.5.22/swagger-annotations-1.5.22.jar:/Users/xuan-pt/.m2/repository/io/swagger/swagger-models/1.5.22/swagger-models-1.5.22.jar:/Users/xuan-pt/.m2/repository/com/fasterxml/jackson/core/jackson-annotations/2.13.1/jackson-annotations-2.13.1.jar:/Users/xuan-pt/.m2/repository/javax/validation/validation-api/2.0.1.Final/validation-api-2.0.1.Final.jar:/Users/xuan-pt/.m2/repository/org/hibernate/validator/hibernate-validator/6.2.0.Final/hibernate-validator-6.2.0.Final.jar:/Users/xuan-pt/.m2/repository/jakarta/validation/jakarta.validation-api/2.0.2/jakarta.validation-api-2.0.2.jar:/Users/xuan-pt/.m2/repository/org/jboss/logging/jboss-logging/3.4.3.Final/jboss-logging-3.4.3.Final.jar:/Users/xuan-pt/.m2/repository/org/springframework/boot/spring-boot-starter-validation/2.6.4/spring-boot-starter-validation-2.6.4.jar:/Users/xuan-pt/.m2/repository/org/apache/tomcat/embed/tomcat-embed-el/9.0.58/tomcat-embed-el-9.0.58.jar:"/>
    <property name="java.vm.vendor" value="Oracle Corporation"/>
    <property name="sun.arch.data.model" value="64"/>
    <property name="java.vendor.url" value="http://java.oracle.com/"/>
    <property name="user.timezone" value=""/>
    <property name="java.vm.specification.version" value="1.8"/>
    <property name="os.name" value="Mac OS X"/>
    <property name="user.country" value="VN"/>
    <property name="sun.java.launcher" value="SUN_STANDARD"/>
    <property name="sun.boot.library.path" value="/Library/Java/JavaVirtualMachines/jdk1.8.0_202.jdk/Contents/Home/jre/lib"/>
    <property name="sun.java.command" value="/Users/xuan-pt/Documents/File TTS JAVA 32/BE_Itsol1/target/surefire/surefirebooter3732219227390801351.jar /Users/xuan-pt/Documents/File TTS JAVA 32/BE_Itsol1/target/surefire 2022-07-01T13-42-06_390-jvmRun1 surefire965222214045541104tmp surefire_02249675346905762022tmp"/>
    <property name="http.nonProxyHosts" value="local|*.local|169.254/16|*.169.254/16"/>
    <property name="surefire.test.class.path" value="/Users/xuan-pt/Documents/File TTS JAVA 32/BE_Itsol1/target/test-classes:/Users/xuan-pt/Documents/File TTS JAVA 32/BE_Itsol1/target/classes:/Users/xuan-pt/.m2/repository/org/springframework/boot/spring-boot-starter-data-jpa/2.6.4/spring-boot-starter-data-jpa-2.6.4.jar:/Users/xuan-pt/.m2/repository/org/springframework/boot/spring-boot-starter-aop/2.6.4/spring-boot-starter-aop-2.6.4.jar:/Users/xuan-pt/.m2/repository/org/aspectj/aspectjweaver/1.9.7/aspectjweaver-1.9.7.jar:/Users/xuan-pt/.m2/repository/org/springframework/boot/spring-boot-starter-jdbc/2.6.4/spring-boot-starter-jdbc-2.6.4.jar:/Users/xuan-pt/.m2/repository/com/zaxxer/HikariCP/4.0.3/HikariCP-4.0.3.jar:/Users/xuan-pt/.m2/repository/org/springframework/spring-jdbc/5.3.16/spring-jdbc-5.3.16.jar:/Users/xuan-pt/.m2/repository/jakarta/transaction/jakarta.transaction-api/1.3.3/jakarta.transaction-api-1.3.3.jar:/Users/xuan-pt/.m2/repository/jakarta/persistence/jakarta.persistence-api/2.2.3/jakarta.persistence-api-2.2.3.jar:/Users/xuan-pt/.m2/repository/org/hibernate/hibernate-core/5.6.5.Final/hibernate-core-5.6.5.Final.jar:/Users/xuan-pt/.m2/repository/net/bytebuddy/byte-buddy/1.11.22/byte-buddy-1.11.22.jar:/Users/xuan-pt/.m2/repository/antlr/antlr/2.7.7/antlr-2.7.7.jar:/Users/xuan-pt/.m2/repository/org/jboss/jandex/2.4.2.Final/jandex-2.4.2.Final.jar:/Users/xuan-pt/.m2/repository/org/hibernate/common/hibernate-commons-annotations/5.1.2.Final/hibernate-commons-annotations-5.1.2.Final.jar:/Users/xuan-pt/.m2/repository/org/glassfish/jaxb/jaxb-runtime/2.3.6/jaxb-runtime-2.3.6.jar:/Users/xuan-pt/.m2/repository/org/glassfish/jaxb/txw2/2.3.6/txw2-2.3.6.jar:/Users/xuan-pt/.m2/repository/com/sun/istack/istack-commons-runtime/3.0.12/istack-commons-runtime-3.0.12.jar:/Users/xuan-pt/.m2/repository/com/sun/activation/jakarta.activation/1.2.2/jakarta.activation-1.2.2.jar:/Users/xuan-pt/.m2/repository/org/springframework/data/spring-data-jpa/2.6.2/spring-data-jpa-2.6.2.jar:/Users/xuan-pt/.m2/repository/org/springframework/data/spring-data-commons/2.6.2/spring-data-commons-2.6.2.jar:/Users/xuan-pt/.m2/repository/org/springframework/spring-orm/5.3.16/spring-orm-5.3.16.jar:/Users/xuan-pt/.m2/repository/org/springframework/spring-context/5.3.16/spring-context-5.3.16.jar:/Users/xuan-pt/.m2/repository/org/springframework/spring-tx/5.3.16/spring-tx-5.3.16.jar:/Users/xuan-pt/.m2/repository/org/springframework/spring-beans/5.3.16/spring-beans-5.3.16.jar:/Users/xuan-pt/.m2/repository/org/springframework/spring-aspects/5.3.16/spring-aspects-5.3.16.jar:/Users/xuan-pt/.m2/repository/org/springframework/boot/spring-boot-starter-security/2.6.4/spring-boot-starter-security-2.6.4.jar:/Users/xuan-pt/.m2/repository/org/springframework/boot/spring-boot-starter/2.6.4/spring-boot-starter-2.6.4.jar:/Users/xuan-pt/.m2/repository/org/springframework/boot/spring-boot/2.6.4/spring-boot-2.6.4.jar:/Users/xuan-pt/.m2/repository/org/springframework/boot/spring-boot-autoconfigure/2.6.4/spring-boot-autoconfigure-2.6.4.jar:/Users/xuan-pt/.m2/repository/org/springframework/boot/spring-boot-starter-logging/2.6.4/spring-boot-starter-logging-2.6.4.jar:/Users/xuan-pt/.m2/repository/ch/qos/logback/logback-classic/1.2.10/logback-classic-1.2.10.jar:/Users/xuan-pt/.m2/repository/ch/qos/logback/logback-core/1.2.10/logback-core-1.2.10.jar:/Users/xuan-pt/.m2/repository/org/apache/logging/log4j/log4j-to-slf4j/2.17.1/log4j-to-slf4j-2.17.1.jar:/Users/xuan-pt/.m2/repository/org/apache/logging/log4j/log4j-api/2.17.1/log4j-api-2.17.1.jar:/Users/xuan-pt/.m2/repository/org/slf4j/jul-to-slf4j/1.7.36/jul-to-slf4j-1.7.36.jar:/Users/xuan-pt/.m2/repository/jakarta/annotation/jakarta.annotation-api/1.3.5/jakarta.annotation-api-1.3.5.jar:/Users/xuan-pt/.m2/repository/org/yaml/snakeyaml/1.29/snakeyaml-1.29.jar:/Users/xuan-pt/.m2/repository/org/springframework/spring-aop/5.3.16/spring-aop-5.3.16.jar:/Users/xuan-pt/.m2/repository/org/springframework/security/spring-security-config/5.6.2/spring-security-config-5.6.2.jar:/Users/xuan-pt/.m2/repository/org/springframework/security/spring-security-web/5.6.2/spring-security-web-5.6.2.jar:/Users/xuan-pt/.m2/repository/org/springframework/spring-expression/5.3.16/spring-expression-5.3.16.jar:/Users/xuan-pt/.m2/repository/org/springframework/boot/spring-boot-starter-web/2.6.4/spring-boot-starter-web-2.6.4.jar:/Users/xuan-pt/.m2/repository/org/springframework/boot/spring-boot-starter-json/2.6.4/spring-boot-starter-json-2.6.4.jar:/Users/xuan-pt/.m2/repository/com/fasterxml/jackson/datatype/jackson-datatype-jdk8/2.13.1/jackson-datatype-jdk8-2.13.1.jar:/Users/xuan-pt/.m2/repository/com/fasterxml/jackson/datatype/jackson-datatype-jsr310/2.13.1/jackson-datatype-jsr310-2.13.1.jar:/Users/xuan-pt/.m2/repository/com/fasterxml/jackson/module/jackson-module-parameter-names/2.13.1/jackson-module-parameter-names-2.13.1.jar:/Users/xuan-pt/.m2/repository/org/springframework/boot/spring-boot-starter-tomcat/2.6.4/spring-boot-starter-tomcat-2.6.4.jar:/Users/xuan-pt/.m2/repository/org/apache/tomcat/embed/tomcat-embed-core/9.0.58/tomcat-embed-core-9.0.58.jar:/Users/xuan-pt/.m2/repository/org/apache/tomcat/embed/tomcat-embed-websocket/9.0.58/tomcat-embed-websocket-9.0.58.jar:/Users/xuan-pt/.m2/repository/org/springframework/spring-web/5.3.16/spring-web-5.3.16.jar:/Users/xuan-pt/.m2/repository/org/springframework/spring-webmvc/5.3.16/spring-webmvc-5.3.16.jar:/Users/xuan-pt/.m2/repository/com/oracle/database/jdbc/ojdbc8/21.3.0.0/ojdbc8-21.3.0.0.jar:/Users/xuan-pt/.m2/repository/org/projectlombok/lombok/1.18.22/lombok-1.18.22.jar:/Users/xuan-pt/.m2/repository/org/springframework/boot/spring-boot-starter-test/2.6.4/spring-boot-starter-test-2.6.4.jar:/Users/xuan-pt/.m2/repository/org/springframework/boot/spring-boot-test/2.6.4/spring-boot-test-2.6.4.jar:/Users/xuan-pt/.m2/repository/org/springframework/boot/spring-boot-test-autoconfigure/2.6.4/spring-boot-test-autoconfigure-2.6.4.jar:/Users/xuan-pt/.m2/repository/com/jayway/jsonpath/json-path/2.6.0/json-path-2.6.0.jar:/Users/xuan-pt/.m2/repository/net/minidev/json-smart/2.4.8/json-smart-2.4.8.jar:/Users/xuan-pt/.m2/repository/net/minidev/accessors-smart/2.4.8/accessors-smart-2.4.8.jar:/Users/xuan-pt/.m2/repository/org/ow2/asm/asm/9.1/asm-9.1.jar:/Users/xuan-pt/.m2/repository/jakarta/xml/bind/jakarta.xml.bind-api/2.3.3/jakarta.xml.bind-api-2.3.3.jar:/Users/xuan-pt/.m2/repository/jakarta/activation/jakarta.activation-api/1.2.2/jakarta.activation-api-1.2.2.jar:/Users/xuan-pt/.m2/repository/org/assertj/assertj-core/3.21.0/assertj-core-3.21.0.jar:/Users/xuan-pt/.m2/repository/org/hamcrest/hamcrest/2.2/hamcrest-2.2.jar:/Users/xuan-pt/.m2/repository/org/junit/jupiter/junit-jupiter/5.8.2/junit-jupiter-5.8.2.jar:/Users/xuan-pt/.m2/repository/org/junit/jupiter/junit-jupiter-api/5.8.2/junit-jupiter-api-5.8.2.jar:/Users/xuan-pt/.m2/repository/org/opentest4j/opentest4j/1.2.0/opentest4j-1.2.0.jar:/Users/xuan-pt/.m2/repository/org/junit/platform/junit-platform-commons/1.8.2/junit-platform-commons-1.8.2.jar:/Users/xuan-pt/.m2/repository/org/apiguardian/apiguardian-api/1.1.2/apiguardian-api-1.1.2.jar:/Users/xuan-pt/.m2/repository/org/junit/jupiter/junit-jupiter-params/5.8.2/junit-jupiter-params-5.8.2.jar:/Users/xuan-pt/.m2/repository/org/junit/jupiter/junit-jupiter-engine/5.8.2/junit-jupiter-engine-5.8.2.jar:/Users/xuan-pt/.m2/repository/org/junit/platform/junit-platform-engine/1.8.2/junit-platform-engine-1.8.2.jar:/Users/xuan-pt/.m2/repository/org/mockito/mockito-core/4.0.0/mockito-core-4.0.0.jar:/Users/xuan-pt/.m2/repository/net/bytebuddy/byte-buddy-agent/1.11.22/byte-buddy-agent-1.11.22.jar:/Users/xuan-pt/.m2/repository/org/objenesis/objenesis/3.2/objenesis-3.2.jar:/Users/xuan-pt/.m2/repository/org/mockito/mockito-junit-jupiter/4.0.0/mockito-junit-jupiter-4.0.0.jar:/Users/xuan-pt/.m2/repository/org/skyscreamer/jsonassert/1.5.0/jsonassert-1.5.0.jar:/Users/xuan-pt/.m2/repository/com/vaadin/external/google/android-json/0.0.20131108.vaadin1/android-json-0.0.20131108.vaadin1.jar:/Users/xuan-pt/.m2/repository/org/springframework/spring-core/5.3.16/spring-core-5.3.16.jar:/Users/xuan-pt/.m2/repository/org/springframework/spring-jcl/5.3.16/spring-jcl-5.3.16.jar:/Users/xuan-pt/.m2/repository/org/springframework/spring-test/5.3.16/spring-test-5.3.16.jar:/Users/xuan-pt/.m2/repository/org/xmlunit/xmlunit-core/2.8.4/xmlunit-core-2.8.4.jar:/Users/xuan-pt/.m2/repository/org/springframework/security/spring-security-test/5.6.2/spring-security-test-5.6.2.jar:/Users/xuan-pt/.m2/repository/org/springframework/security/spring-security-core/5.6.2/spring-security-core-5.6.2.jar:/Users/xuan-pt/.m2/repository/org/springframework/security/spring-security-crypto/5.6.2/spring-security-crypto-5.6.2.jar:/Users/xuan-pt/.m2/repository/io/jsonwebtoken/jjwt-api/0.10.7/jjwt-api-0.10.7.jar:/Users/xuan-pt/.m2/repository/io/jsonwebtoken/jjwt-impl/0.10.7/jjwt-impl-0.10.7.jar:/Users/xuan-pt/.m2/repository/io/jsonwebtoken/jjwt-jackson/0.10.7/jjwt-jackson-0.10.7.jar:/Users/xuan-pt/.m2/repository/com/fasterxml/jackson/core/jackson-databind/2.13.1/jackson-databind-2.13.1.jar:/Users/xuan-pt/.m2/repository/com/fasterxml/jackson/core/jackson-core/2.13.1/jackson-core-2.13.1.jar:/Users/xuan-pt/.m2/repository/io/springfox/springfox-swagger2/2.9.2/springfox-swagger2-2.9.2.jar:/Users/xuan-pt/.m2/repository/io/springfox/springfox-spi/2.9.2/springfox-spi-2.9.2.jar:/Users/xuan-pt/.m2/repository/io/springfox/springfox-core/2.9.2/springfox-core-2.9.2.jar:/Users/xuan-pt/.m2/repository/io/springfox/springfox-schema/2.9.2/springfox-schema-2.9.2.jar:/Users/xuan-pt/.m2/repository/io/springfox/springfox-swagger-common/2.9.2/springfox-swagger-common-2.9.2.jar:/Users/xuan-pt/.m2/repository/io/springfox/springfox-spring-web/2.9.2/springfox-spring-web-2.9.2.jar:/Users/xuan-pt/.m2/repository/com/google/guava/guava/20.0/guava-20.0.jar:/Users/xuan-pt/.m2/repository/com/fasterxml/classmate/1.5.1/classmate-1.5.1.jar:/Users/xuan-pt/.m2/repository/org/slf4j/slf4j-api/1.7.36/slf4j-api-1.7.36.jar:/Users/xuan-pt/.m2/repository/org/springframework/plugin/spring-plugin-core/1.2.0.RELEASE/spring-plugin-core-1.2.0.RELEASE.jar:/Users/xuan-pt/.m2/repository/org/springframework/plugin/spring-plugin-metadata/1.2.0.RELEASE/spring-plugin-metadata-1.2.0.RELEASE.jar:/Users/xuan-pt/.m2/repository/org/mapstruct/mapstruct/1.2.0.Final/mapstruct-1.2.0.Final.jar:/Users/xuan-pt/.m2/repository/io/springfox/springfox-swagger-ui/2.9.2/springfox-swagger-ui-2.9.2.jar:/Users/xuan-pt/.m2/repository/io/swagger/swagger-annotations/1.5.22/swagger-annotations-1.5.22.jar:/Users/xuan-pt/.m2/repository/io/swagger/swagger-models/1.5.22/swagger-models-1.5.22.jar:/Users/xuan-pt/.m2/repository/com/fasterxml/jackson/core/jackson-annotations/2.13.1/jackson-annotations-2.13.1.jar:/Users/xuan-pt/.m2/repository/javax/validation/validation-api/2.0.1.Final/validation-api-2.0.1.Final.jar:/Users/xuan-pt/.m2/repository/org/hibernate/validator/hibernate-validator/6.2.0.Final/hibernate-validator-6.2.0.Final.jar:/Users/xuan-pt/.m2/repository/jakarta/validation/jakarta.validation-api/2.0.2/jakarta.validation-api-2.0.2.jar:/Users/xuan-pt/.m2/repository/org/jboss/logging/jboss-logging/3.4.3.Final/jboss-logging-3.4.3.Final.jar:/Users/xuan-pt/.m2/repository/org/springframework/boot/spring-boot-starter-validation/2.6.4/spring-boot-starter-validation-2.6.4.jar:/Users/xuan-pt/.m2/repository/org/apache/tomcat/embed/tomcat-embed-el/9.0.58/tomcat-embed-el-9.0.58.jar:"/>
    <property name="sun.cpu.endian" value="little"/>
    <property name="user.home" value="/Users/xuan-pt"/>
    <property name="user.language" value="vi"/>
    <property name="java.specification.vendor" value="Oracle Corporation"/>
    <property name="java.home" value="/Library/Java/JavaVirtualMachines/jdk1.8.0_202.jdk/Contents/Home/jre"/>
    <property name="basedir" value="/Users/xuan-pt/Documents/File TTS JAVA 32/BE_Itsol1"/>
    <property name="file.separator" value="/"/>
    <property name="line.separator" value="&#10;"/>
    <property name="java.vm.specification.vendor" value="Oracle Corporation"/>
    <property name="java.specification.name" value="Java Platform API Specification"/>
    <property name="java.awt.graphicsenv" value="sun.awt.CGraphicsEnvironment"/>
    <property name="surefire.real.class.path" value="/Users/xuan-pt/Documents/File TTS JAVA 32/BE_Itsol1/target/surefire/surefirebooter3732219227390801351.jar"/>
    <property name="sun.boot.class.path" value="/Library/Java/JavaVirtualMachines/jdk1.8.0_202.jdk/Contents/Home/jre/lib/resources.jar:/Library/Java/JavaVirtualMachines/jdk1.8.0_202.jdk/Contents/Home/jre/lib/rt.jar:/Library/Java/JavaVirtualMachines/jdk1.8.0_202.jdk/Contents/Home/jre/lib/sunrsasign.jar:/Library/Java/JavaVirtualMachines/jdk1.8.0_202.jdk/Contents/Home/jre/lib/jsse.jar:/Library/Java/JavaVirtualMachines/jdk1.8.0_202.jdk/Contents/Home/jre/lib/jce.jar:/Library/Java/JavaVirtualMachines/jdk1.8.0_202.jdk/Contents/Home/jre/lib/charsets.jar:/Library/Java/JavaVirtualMachines/jdk1.8.0_202.jdk/Contents/Home/jre/lib/jfr.jar:/Library/Java/JavaVirtualMachines/jdk1.8.0_202.jdk/Contents/Home/jre/classes"/>
    <property name="sun.management.compiler" value="HotSpot 64-Bit Tiered Compilers"/>
    <property name="ftp.nonProxyHosts" value="local|*.local|169.254/16|*.169.254/16"/>
    <property name="java.runtime.version" value="1.8.0_202-b08"/>
    <property name="user.name" value="xuan-pt"/>
    <property name="path.separator" value=":"/>
    <property name="os.version" value="10.16"/>
    <property name="java.endorsed.dirs" value="/Library/Java/JavaVirtualMachines/jdk1.8.0_202.jdk/Contents/Home/jre/lib/endorsed"/>
    <property name="java.runtime.name" value="Java(TM) SE Runtime Environment"/>
    <property name="file.encoding" value="US-ASCII"/>
    <property name="java.vm.name" value="Java HotSpot(TM) 64-Bit Server VM"/>
    <property name="localRepository" value="/Users/xuan-pt/.m2/repository"/>
    <property name="java.vendor.url.bug" value="http://bugreport.sun.com/bugreport/"/>
    <property name="java.io.tmpdir" value="/var/folders/c8/djjhmcyx2wn2hls2004fxv080000gn/T/"/>
    <property name="idea.version" value="2021.3.3"/>
    <property name="java.version" value="1.8.0_202"/>
    <property name="user.dir" value="/Users/xuan-pt/Documents/File TTS JAVA 32/BE_Itsol1"/>
    <property name="os.arch" value="x86_64"/>
    <property name="java.vm.specification.name" value="Java Virtual Machine Specification"/>
    <property name="java.awt.printerjob" value="sun.lwawt.macosx.CPrinterJob"/>
    <property name="sun.os.patch.level" value="unknown"/>
    <property name="java.library.path" value="/Users/xuan-pt/Library/Java/Extensions:/Library/Java/Extensions:/Network/Library/Java/Extensions:/System/Library/Java/Extensions:/usr/lib/java:."/>
    <property name="java.vm.info" value="mixed mode"/>
    <property name="java.vendor" value="Oracle Corporation"/>
    <property name="java.vm.version" value="25.202-b08"/>
    <property name="java.ext.dirs" value="/Users/xuan-pt/Library/Java/Extensions:/Library/Java/JavaVirtualMachines/jdk1.8.0_202.jdk/Contents/Home/jre/lib/ext:/Library/Java/Extensions:/Network/Library/Java/Extensions:/System/Library/Java/Extensions:/usr/lib/java"/>
    <property name="sun.io.unicode.encoding" value="UnicodeBig"/>
    <property name="java.class.version" value="52.0"/>
    <property name="socksNonProxyHosts" value="local|*.local|169.254/16|*.169.254/16"/>
  </properties>
  <testcase name="contextLoads" classname="com.itsol.recruit.RecruitApplicationTests" time="0.105"/>
</testsuite>